                                      1 ;--------------------------------------------------------
                                      2 ; File Created by SDCC : free open source ANSI-C Compiler
                                      3 ; Version 3.4.0 #8981 (Apr  5 2014) (MINGW32)
                                      4 ; This file was generated Fri Apr 10 13:48:28 2015
                                      5 ;--------------------------------------------------------
                                      6 	.module stdafx
                                      7 	.optsdcc -mstm8
                                      8 	
                                      9 ;--------------------------------------------------------
                                     10 ; Public variables in this module
                                     11 ;--------------------------------------------------------
                                     12 	.globl _SPI_GetFlagStatus
                                     13 	.globl _SPI_SendData
                                     14 	.globl _SPI_Cmd
                                     15 	.globl _SPI_Init
                                     16 	.globl _CLK_PeripheralClockConfig
                                     17 	.globl _GPIO_ExternalPullUpConfig
                                     18 	.globl _GPIO_WriteHigh
                                     19 	.globl _GPIO_Init
                                     20 	.globl _init_spi
                                     21 	.globl _spi_write_data_8t
                                     22 ;--------------------------------------------------------
                                     23 ; ram data
                                     24 ;--------------------------------------------------------
                                     25 	.area DATA
                                     26 ;--------------------------------------------------------
                                     27 ; ram data
                                     28 ;--------------------------------------------------------
                                     29 	.area INITIALIZED
                                     30 ;--------------------------------------------------------
                                     31 ; absolute external ram data
                                     32 ;--------------------------------------------------------
                                     33 	.area DABS (ABS)
                                     34 ;--------------------------------------------------------
                                     35 ; global & static initialisations
                                     36 ;--------------------------------------------------------
                                     37 	.area HOME
                                     38 	.area GSINIT
                                     39 	.area GSFINAL
                                     40 	.area GSINIT
                                     41 ;--------------------------------------------------------
                                     42 ; Home
                                     43 ;--------------------------------------------------------
                                     44 	.area HOME
                                     45 	.area HOME
                                     46 ;--------------------------------------------------------
                                     47 ; code
                                     48 ;--------------------------------------------------------
                                     49 	.area CODE
                                     50 ;	src\stdafx.c: 4: void init_spi(void){
                                     51 ;	-----------------------------------------
                                     52 ;	 function init_spi
                                     53 ;	-----------------------------------------
      000000                         54 _init_spi:
                                     55 ;	src\stdafx.c: 6: CLK_PeripheralClockConfig(CLK_PERIPHERAL_SPI, ENABLE);
      000000 4B 01            [ 1]   56 	push	#0x01
      000002 4B 01            [ 1]   57 	push	#0x01
      000004 CDr00r00         [ 4]   58 	call	_CLK_PeripheralClockConfig
      000007 5B 02            [ 2]   59 	addw	sp, #2
                                     60 ;	src\stdafx.c: 9: GPIO_ExternalPullUpConfig(GPIOC, (GPIO_Pin_TypeDef)(GPIO_PIN_7|GPIO_PIN_6|GPIO_PIN_5),ENABLE);
      000009 4B 01            [ 1]   61 	push	#0x01
      00000B 4B E0            [ 1]   62 	push	#0xe0
      00000D 4B 0A            [ 1]   63 	push	#0x0a
      00000F 4B 50            [ 1]   64 	push	#0x50
      000011 CDr00r00         [ 4]   65 	call	_GPIO_ExternalPullUpConfig
      000014 5B 04            [ 2]   66 	addw	sp, #4
                                     67 ;	src\stdafx.c: 12: SPI_Init(SPI_FIRSTBIT_MSB, SPI_BAUDRATEPRESCALER_8, SPI_MODE_MASTER, SPI_CLOCKPOLARITY_HIGH, SPI_CLOCKPHASE_2EDGE,SPI_DATADIRECTION_2LINES_FULLDUPLEX, SPI_NSS_SOFT,0x07);
      000016 4B 07            [ 1]   68 	push	#0x07
      000018 4B 02            [ 1]   69 	push	#0x02
      00001A 4B 00            [ 1]   70 	push	#0x00
      00001C 4B 01            [ 1]   71 	push	#0x01
      00001E 4B 02            [ 1]   72 	push	#0x02
      000020 4B 04            [ 1]   73 	push	#0x04
      000022 4B 10            [ 1]   74 	push	#0x10
      000024 4B 00            [ 1]   75 	push	#0x00
      000026 CDr00r00         [ 4]   76 	call	_SPI_Init
      000029 5B 08            [ 2]   77 	addw	sp, #8
                                     78 ;	src\stdafx.c: 15: SPI_Cmd(ENABLE);
      00002B 4B 01            [ 1]   79 	push	#0x01
      00002D CDr00r00         [ 4]   80 	call	_SPI_Cmd
      000030 84               [ 1]   81 	pop	a
                                     82 ;	src\stdafx.c: 18: GPIO_Init(GPIOE, GPIO_PIN_5, GPIO_MODE_OUT_PP_HIGH_SLOW);
      000031 4B D0            [ 1]   83 	push	#0xd0
      000033 4B 20            [ 1]   84 	push	#0x20
      000035 4B 14            [ 1]   85 	push	#0x14
      000037 4B 50            [ 1]   86 	push	#0x50
      000039 CDr00r00         [ 4]   87 	call	_GPIO_Init
      00003C 5B 04            [ 2]   88 	addw	sp, #4
      00003E 81               [ 4]   89 	ret
                                     90 ;	src\stdafx.c: 21: void spi_write_data_8t( uint8_t *pBuffer, uint8_t WriterAddr){
                                     91 ;	-----------------------------------------
                                     92 ;	 function spi_write_data_8t
                                     93 ;	-----------------------------------------
      00003F                         94 _spi_write_data_8t:
                                     95 ;	src\stdafx.c: 23: GPIO_WriteHigh(GPIOE, GPIO_PIN_5);
      00003F 4B 20            [ 1]   96 	push	#0x20
      000041 4B 14            [ 1]   97 	push	#0x14
      000043 4B 50            [ 1]   98 	push	#0x50
      000045 CDr00r00         [ 4]   99 	call	_GPIO_WriteHigh
      000048 5B 03            [ 2]  100 	addw	sp, #3
                                    101 ;	src\stdafx.c: 26: while (SPI_GetFlagStatus(SPI_FLAG_TXE) == RESET){}
      00004A                        102 00101$:
      00004A 4B 02            [ 1]  103 	push	#0x02
      00004C CDr00r00         [ 4]  104 	call	_SPI_GetFlagStatus
      00004F 5B 01            [ 2]  105 	addw	sp, #1
      000051 4D               [ 1]  106 	tnz	a
      000052 27 F6            [ 1]  107 	jreq	00101$
                                    108 ;	src\stdafx.c: 29: SPI_SendData( WriterAddr );
      000054 7B 05            [ 1]  109 	ld	a, (0x05, sp)
      000056 88               [ 1]  110 	push	a
      000057 CDr00r00         [ 4]  111 	call	_SPI_SendData
      00005A 84               [ 1]  112 	pop	a
                                    113 ;	src\stdafx.c: 31: while( *pBuffer )
      00005B 1E 03            [ 2]  114 	ldw	x, (0x03, sp)
      00005D                        115 00104$:
      00005D F6               [ 1]  116 	ld	a, (x)
      00005E 4D               [ 1]  117 	tnz	a
      00005F 27 0A            [ 1]  118 	jreq	00107$
                                    119 ;	src\stdafx.c: 32: SPI_SendData( *pBuffer++ );
      000061 5C               [ 2]  120 	incw	x
      000062 89               [ 2]  121 	pushw	x
      000063 88               [ 1]  122 	push	a
      000064 CDr00r00         [ 4]  123 	call	_SPI_SendData
      000067 84               [ 1]  124 	pop	a
      000068 85               [ 2]  125 	popw	x
      000069 20 F2            [ 2]  126 	jra	00104$
      00006B                        127 00107$:
      00006B 81               [ 4]  128 	ret
                                    129 	.area CODE
                                    130 	.area INITIALIZER
                                    131 	.area CABS (ABS)
