                                      1 ;--------------------------------------------------------
                                      2 ; File Created by SDCC : free open source ANSI-C Compiler
                                      3 ; Version 3.4.0 #8981 (Apr  5 2014) (MINGW32)
                                      4 ; This file was generated Fri Apr 10 13:22:39 2015
                                      5 ;--------------------------------------------------------
                                      6 	.module stm8s_spi
                                      7 	.optsdcc -mstm8
                                      8 	
                                      9 ;--------------------------------------------------------
                                     10 ; Public variables in this module
                                     11 ;--------------------------------------------------------
                                     12 	.globl _SPI_DeInit
                                     13 	.globl _SPI_Init
                                     14 	.globl _SPI_Cmd
                                     15 	.globl _SPI_ITConfig
                                     16 	.globl _SPI_SendData
                                     17 	.globl _SPI_ReceiveData
                                     18 	.globl _SPI_NSSInternalSoftwareCmd
                                     19 	.globl _SPI_TransmitCRC
                                     20 	.globl _SPI_CalculateCRCCmd
                                     21 	.globl _SPI_GetCRC
                                     22 	.globl _SPI_ResetCRC
                                     23 	.globl _SPI_GetCRCPolynomial
                                     24 	.globl _SPI_BiDirectionalLineConfig
                                     25 	.globl _SPI_GetFlagStatus
                                     26 	.globl _SPI_ClearFlag
                                     27 	.globl _SPI_GetITStatus
                                     28 	.globl _SPI_ClearITPendingBit
                                     29 ;--------------------------------------------------------
                                     30 ; ram data
                                     31 ;--------------------------------------------------------
                                     32 	.area DATA
                                     33 ;--------------------------------------------------------
                                     34 ; ram data
                                     35 ;--------------------------------------------------------
                                     36 	.area INITIALIZED
                                     37 ;--------------------------------------------------------
                                     38 ; absolute external ram data
                                     39 ;--------------------------------------------------------
                                     40 	.area DABS (ABS)
                                     41 ;--------------------------------------------------------
                                     42 ; global & static initialisations
                                     43 ;--------------------------------------------------------
                                     44 	.area HOME
                                     45 	.area GSINIT
                                     46 	.area GSFINAL
                                     47 	.area GSINIT
                                     48 ;--------------------------------------------------------
                                     49 ; Home
                                     50 ;--------------------------------------------------------
                                     51 	.area HOME
                                     52 	.area HOME
                                     53 ;--------------------------------------------------------
                                     54 ; code
                                     55 ;--------------------------------------------------------
                                     56 	.area CODE
                                     57 ;	src\stm8s_spi.c: 50: void SPI_DeInit(void)
                                     58 ;	-----------------------------------------
                                     59 ;	 function SPI_DeInit
                                     60 ;	-----------------------------------------
      000000                         61 _SPI_DeInit:
                                     62 ;	src\stm8s_spi.c: 52: SPI->CR1    = SPI_CR1_RESET_VALUE;
      000000 AE 52 00         [ 2]   63 	ldw	x, #0x5200
      000003 7F               [ 1]   64 	clr	(x)
                                     65 ;	src\stm8s_spi.c: 53: SPI->CR2    = SPI_CR2_RESET_VALUE;
      000004 AE 52 01         [ 2]   66 	ldw	x, #0x5201
      000007 7F               [ 1]   67 	clr	(x)
                                     68 ;	src\stm8s_spi.c: 54: SPI->ICR    = SPI_ICR_RESET_VALUE;
      000008 AE 52 02         [ 2]   69 	ldw	x, #0x5202
      00000B 7F               [ 1]   70 	clr	(x)
                                     71 ;	src\stm8s_spi.c: 55: SPI->SR     = SPI_SR_RESET_VALUE;
      00000C AE 52 03         [ 2]   72 	ldw	x, #0x5203
      00000F A6 02            [ 1]   73 	ld	a, #0x02
      000011 F7               [ 1]   74 	ld	(x), a
                                     75 ;	src\stm8s_spi.c: 56: SPI->CRCPR  = SPI_CRCPR_RESET_VALUE;
      000012 AE 52 05         [ 2]   76 	ldw	x, #0x5205
      000015 A6 07            [ 1]   77 	ld	a, #0x07
      000017 F7               [ 1]   78 	ld	(x), a
      000018 81               [ 4]   79 	ret
                                     80 ;	src\stm8s_spi.c: 78: void SPI_Init(SPI_FirstBit_TypeDef FirstBit, SPI_BaudRatePrescaler_TypeDef BaudRatePrescaler, SPI_Mode_TypeDef Mode, SPI_ClockPolarity_TypeDef ClockPolarity, SPI_ClockPhase_TypeDef ClockPhase, SPI_DataDirection_TypeDef Data_Direction, SPI_NSS_TypeDef Slave_Management, uint8_t CRCPolynomial)
                                     81 ;	-----------------------------------------
                                     82 ;	 function SPI_Init
                                     83 ;	-----------------------------------------
      000019                         84 _SPI_Init:
      000019 88               [ 1]   85 	push	a
                                     86 ;	src\stm8s_spi.c: 91: SPI->CR1 = (uint8_t)((uint8_t)((uint8_t)FirstBit | BaudRatePrescaler) |
      00001A 7B 04            [ 1]   87 	ld	a, (0x04, sp)
      00001C 1A 05            [ 1]   88 	or	a, (0x05, sp)
      00001E 6B 01            [ 1]   89 	ld	(0x01, sp), a
                                     90 ;	src\stm8s_spi.c: 92: (uint8_t)((uint8_t)ClockPolarity | ClockPhase));
      000020 7B 07            [ 1]   91 	ld	a, (0x07, sp)
      000022 1A 08            [ 1]   92 	or	a, (0x08, sp)
      000024 1A 01            [ 1]   93 	or	a, (0x01, sp)
      000026 AE 52 00         [ 2]   94 	ldw	x, #0x5200
      000029 F7               [ 1]   95 	ld	(x), a
                                     96 ;	src\stm8s_spi.c: 95: SPI->CR2 = (uint8_t)((uint8_t)(Data_Direction) | (uint8_t)(Slave_Management));
      00002A 7B 09            [ 1]   97 	ld	a, (0x09, sp)
      00002C 1A 0A            [ 1]   98 	or	a, (0x0a, sp)
      00002E AE 52 01         [ 2]   99 	ldw	x, #0x5201
      000031 F7               [ 1]  100 	ld	(x), a
                                    101 ;	src\stm8s_spi.c: 97: if (Mode == SPI_MODE_MASTER)
      000032 7B 06            [ 1]  102 	ld	a, (0x06, sp)
      000034 A1 04            [ 1]  103 	cp	a, #0x04
      000036 26 09            [ 1]  104 	jrne	00102$
                                    105 ;	src\stm8s_spi.c: 99: SPI->CR2 |= (uint8_t)SPI_CR2_SSI;
      000038 AE 52 01         [ 2]  106 	ldw	x, #0x5201
      00003B F6               [ 1]  107 	ld	a, (x)
      00003C AA 01            [ 1]  108 	or	a, #0x01
      00003E F7               [ 1]  109 	ld	(x), a
      00003F 20 04            [ 2]  110 	jra	00103$
      000041                        111 00102$:
                                    112 ;	src\stm8s_spi.c: 103: SPI->CR2 &= (uint8_t)~(SPI_CR2_SSI);
      000041 72 11 52 01      [ 1]  113 	bres	0x5201, #0
      000045                        114 00103$:
                                    115 ;	src\stm8s_spi.c: 107: SPI->CR1 |= (uint8_t)(Mode);
      000045 AE 52 00         [ 2]  116 	ldw	x, #0x5200
      000048 F6               [ 1]  117 	ld	a, (x)
      000049 1A 06            [ 1]  118 	or	a, (0x06, sp)
      00004B AE 52 00         [ 2]  119 	ldw	x, #0x5200
      00004E F7               [ 1]  120 	ld	(x), a
                                    121 ;	src\stm8s_spi.c: 110: SPI->CRCPR = (uint8_t)CRCPolynomial;
      00004F AE 52 05         [ 2]  122 	ldw	x, #0x5205
      000052 7B 0B            [ 1]  123 	ld	a, (0x0b, sp)
      000054 F7               [ 1]  124 	ld	(x), a
      000055 84               [ 1]  125 	pop	a
      000056 81               [ 4]  126 	ret
                                    127 ;	src\stm8s_spi.c: 119: void SPI_Cmd(FunctionalState NewState)
                                    128 ;	-----------------------------------------
                                    129 ;	 function SPI_Cmd
                                    130 ;	-----------------------------------------
      000057                        131 _SPI_Cmd:
                                    132 ;	src\stm8s_spi.c: 124: if (NewState != DISABLE)
      000057 0D 03            [ 1]  133 	tnz	(0x03, sp)
      000059 27 09            [ 1]  134 	jreq	00102$
                                    135 ;	src\stm8s_spi.c: 126: SPI->CR1 |= SPI_CR1_SPE; /* Enable the SPI peripheral*/
      00005B AE 52 00         [ 2]  136 	ldw	x, #0x5200
      00005E F6               [ 1]  137 	ld	a, (x)
      00005F AA 40            [ 1]  138 	or	a, #0x40
      000061 F7               [ 1]  139 	ld	(x), a
      000062 20 07            [ 2]  140 	jra	00104$
      000064                        141 00102$:
                                    142 ;	src\stm8s_spi.c: 130: SPI->CR1 &= (uint8_t)(~SPI_CR1_SPE); /* Disable the SPI peripheral*/
      000064 AE 52 00         [ 2]  143 	ldw	x, #0x5200
      000067 F6               [ 1]  144 	ld	a, (x)
      000068 A4 BF            [ 1]  145 	and	a, #0xbf
      00006A F7               [ 1]  146 	ld	(x), a
      00006B                        147 00104$:
      00006B 81               [ 4]  148 	ret
                                    149 ;	src\stm8s_spi.c: 141: void SPI_ITConfig(SPI_IT_TypeDef SPI_IT, FunctionalState NewState)
                                    150 ;	-----------------------------------------
                                    151 ;	 function SPI_ITConfig
                                    152 ;	-----------------------------------------
      00006C                        153 _SPI_ITConfig:
      00006C 52 02            [ 2]  154 	sub	sp, #2
                                    155 ;	src\stm8s_spi.c: 149: itpos = (uint8_t)((uint8_t)1 << (uint8_t)((uint8_t)SPI_IT & (uint8_t)0x0F));
      00006E 7B 05            [ 1]  156 	ld	a, (0x05, sp)
      000070 A4 0F            [ 1]  157 	and	a, #0x0f
      000072 95               [ 1]  158 	ld	xh, a
      000073 A6 01            [ 1]  159 	ld	a, #0x01
      000075 6B 01            [ 1]  160 	ld	(0x01, sp), a
      000077 9E               [ 1]  161 	ld	a, xh
      000078 4D               [ 1]  162 	tnz	a
      000079 27 05            [ 1]  163 	jreq	00111$
      00007B                        164 00110$:
      00007B 08 01            [ 1]  165 	sll	(0x01, sp)
      00007D 4A               [ 1]  166 	dec	a
      00007E 26 FB            [ 1]  167 	jrne	00110$
      000080                        168 00111$:
                                    169 ;	src\stm8s_spi.c: 151: if (NewState != DISABLE)
      000080 0D 06            [ 1]  170 	tnz	(0x06, sp)
      000082 27 0C            [ 1]  171 	jreq	00102$
                                    172 ;	src\stm8s_spi.c: 153: SPI->ICR |= itpos; /* Enable interrupt*/
      000084 AE 52 02         [ 2]  173 	ldw	x, #0x5202
      000087 F6               [ 1]  174 	ld	a, (x)
      000088 1A 01            [ 1]  175 	or	a, (0x01, sp)
      00008A AE 52 02         [ 2]  176 	ldw	x, #0x5202
      00008D F7               [ 1]  177 	ld	(x), a
      00008E 20 0F            [ 2]  178 	jra	00104$
      000090                        179 00102$:
                                    180 ;	src\stm8s_spi.c: 157: SPI->ICR &= (uint8_t)(~itpos); /* Disable interrupt*/
      000090 AE 52 02         [ 2]  181 	ldw	x, #0x5202
      000093 F6               [ 1]  182 	ld	a, (x)
      000094 6B 02            [ 1]  183 	ld	(0x02, sp), a
      000096 7B 01            [ 1]  184 	ld	a, (0x01, sp)
      000098 43               [ 1]  185 	cpl	a
      000099 14 02            [ 1]  186 	and	a, (0x02, sp)
      00009B AE 52 02         [ 2]  187 	ldw	x, #0x5202
      00009E F7               [ 1]  188 	ld	(x), a
      00009F                        189 00104$:
      00009F 5B 02            [ 2]  190 	addw	sp, #2
      0000A1 81               [ 4]  191 	ret
                                    192 ;	src\stm8s_spi.c: 166: void SPI_SendData(uint8_t Data)
                                    193 ;	-----------------------------------------
                                    194 ;	 function SPI_SendData
                                    195 ;	-----------------------------------------
      0000A2                        196 _SPI_SendData:
                                    197 ;	src\stm8s_spi.c: 168: SPI->DR = Data; /* Write in the DR register the data to be sent*/
      0000A2 AE 52 04         [ 2]  198 	ldw	x, #0x5204
      0000A5 7B 03            [ 1]  199 	ld	a, (0x03, sp)
      0000A7 F7               [ 1]  200 	ld	(x), a
      0000A8 81               [ 4]  201 	ret
                                    202 ;	src\stm8s_spi.c: 176: uint8_t SPI_ReceiveData(void)
                                    203 ;	-----------------------------------------
                                    204 ;	 function SPI_ReceiveData
                                    205 ;	-----------------------------------------
      0000A9                        206 _SPI_ReceiveData:
                                    207 ;	src\stm8s_spi.c: 178: return ((uint8_t)SPI->DR); /* Return the data in the DR register*/
      0000A9 AE 52 04         [ 2]  208 	ldw	x, #0x5204
      0000AC F6               [ 1]  209 	ld	a, (x)
      0000AD 81               [ 4]  210 	ret
                                    211 ;	src\stm8s_spi.c: 187: void SPI_NSSInternalSoftwareCmd(FunctionalState NewState)
                                    212 ;	-----------------------------------------
                                    213 ;	 function SPI_NSSInternalSoftwareCmd
                                    214 ;	-----------------------------------------
      0000AE                        215 _SPI_NSSInternalSoftwareCmd:
                                    216 ;	src\stm8s_spi.c: 192: if (NewState != DISABLE)
      0000AE 0D 03            [ 1]  217 	tnz	(0x03, sp)
      0000B0 27 09            [ 1]  218 	jreq	00102$
                                    219 ;	src\stm8s_spi.c: 194: SPI->CR2 |= SPI_CR2_SSI; /* Set NSS pin internally by software*/
      0000B2 AE 52 01         [ 2]  220 	ldw	x, #0x5201
      0000B5 F6               [ 1]  221 	ld	a, (x)
      0000B6 AA 01            [ 1]  222 	or	a, #0x01
      0000B8 F7               [ 1]  223 	ld	(x), a
      0000B9 20 04            [ 2]  224 	jra	00104$
      0000BB                        225 00102$:
                                    226 ;	src\stm8s_spi.c: 198: SPI->CR2 &= (uint8_t)(~SPI_CR2_SSI); /* Reset NSS pin internally by software*/
      0000BB 72 11 52 01      [ 1]  227 	bres	0x5201, #0
      0000BF                        228 00104$:
      0000BF 81               [ 4]  229 	ret
                                    230 ;	src\stm8s_spi.c: 207: void SPI_TransmitCRC(void)
                                    231 ;	-----------------------------------------
                                    232 ;	 function SPI_TransmitCRC
                                    233 ;	-----------------------------------------
      0000C0                        234 _SPI_TransmitCRC:
                                    235 ;	src\stm8s_spi.c: 209: SPI->CR2 |= SPI_CR2_CRCNEXT; /* Enable the CRC transmission*/
      0000C0 AE 52 01         [ 2]  236 	ldw	x, #0x5201
      0000C3 F6               [ 1]  237 	ld	a, (x)
      0000C4 AA 10            [ 1]  238 	or	a, #0x10
      0000C6 F7               [ 1]  239 	ld	(x), a
      0000C7 81               [ 4]  240 	ret
                                    241 ;	src\stm8s_spi.c: 218: void SPI_CalculateCRCCmd(FunctionalState NewState)
                                    242 ;	-----------------------------------------
                                    243 ;	 function SPI_CalculateCRCCmd
                                    244 ;	-----------------------------------------
      0000C8                        245 _SPI_CalculateCRCCmd:
                                    246 ;	src\stm8s_spi.c: 223: if (NewState != DISABLE)
      0000C8 0D 03            [ 1]  247 	tnz	(0x03, sp)
      0000CA 27 09            [ 1]  248 	jreq	00102$
                                    249 ;	src\stm8s_spi.c: 225: SPI->CR2 |= SPI_CR2_CRCEN; /* Enable the CRC calculation*/
      0000CC AE 52 01         [ 2]  250 	ldw	x, #0x5201
      0000CF F6               [ 1]  251 	ld	a, (x)
      0000D0 AA 20            [ 1]  252 	or	a, #0x20
      0000D2 F7               [ 1]  253 	ld	(x), a
      0000D3 20 07            [ 2]  254 	jra	00104$
      0000D5                        255 00102$:
                                    256 ;	src\stm8s_spi.c: 229: SPI->CR2 &= (uint8_t)(~SPI_CR2_CRCEN); /* Disable the CRC calculation*/
      0000D5 AE 52 01         [ 2]  257 	ldw	x, #0x5201
      0000D8 F6               [ 1]  258 	ld	a, (x)
      0000D9 A4 DF            [ 1]  259 	and	a, #0xdf
      0000DB F7               [ 1]  260 	ld	(x), a
      0000DC                        261 00104$:
      0000DC 81               [ 4]  262 	ret
                                    263 ;	src\stm8s_spi.c: 238: uint8_t SPI_GetCRC(SPI_CRC_TypeDef SPI_CRC)
                                    264 ;	-----------------------------------------
                                    265 ;	 function SPI_GetCRC
                                    266 ;	-----------------------------------------
      0000DD                        267 _SPI_GetCRC:
                                    268 ;	src\stm8s_spi.c: 245: if (SPI_CRC != SPI_CRC_RX)
      0000DD 0D 03            [ 1]  269 	tnz	(0x03, sp)
      0000DF 27 06            [ 1]  270 	jreq	00102$
                                    271 ;	src\stm8s_spi.c: 247: crcreg = SPI->TXCRCR;  /* Get the Tx CRC register*/
      0000E1 AE 52 07         [ 2]  272 	ldw	x, #0x5207
      0000E4 F6               [ 1]  273 	ld	a, (x)
      0000E5 20 04            [ 2]  274 	jra	00103$
      0000E7                        275 00102$:
                                    276 ;	src\stm8s_spi.c: 251: crcreg = SPI->RXCRCR; /* Get the Rx CRC register*/
      0000E7 AE 52 06         [ 2]  277 	ldw	x, #0x5206
      0000EA F6               [ 1]  278 	ld	a, (x)
      0000EB                        279 00103$:
                                    280 ;	src\stm8s_spi.c: 255: return crcreg;
      0000EB 81               [ 4]  281 	ret
                                    282 ;	src\stm8s_spi.c: 263: void SPI_ResetCRC(void)
                                    283 ;	-----------------------------------------
                                    284 ;	 function SPI_ResetCRC
                                    285 ;	-----------------------------------------
      0000EC                        286 _SPI_ResetCRC:
                                    287 ;	src\stm8s_spi.c: 267: SPI_CalculateCRCCmd(ENABLE);
      0000EC 4B 01            [ 1]  288 	push	#0x01
      0000EE CDr00rC8         [ 4]  289 	call	_SPI_CalculateCRCCmd
      0000F1 84               [ 1]  290 	pop	a
                                    291 ;	src\stm8s_spi.c: 270: SPI_Cmd(ENABLE);
      0000F2 4B 01            [ 1]  292 	push	#0x01
      0000F4 CDr00r57         [ 4]  293 	call	_SPI_Cmd
      0000F7 84               [ 1]  294 	pop	a
      0000F8 81               [ 4]  295 	ret
                                    296 ;	src\stm8s_spi.c: 278: uint8_t SPI_GetCRCPolynomial(void)
                                    297 ;	-----------------------------------------
                                    298 ;	 function SPI_GetCRCPolynomial
                                    299 ;	-----------------------------------------
      0000F9                        300 _SPI_GetCRCPolynomial:
                                    301 ;	src\stm8s_spi.c: 280: return SPI->CRCPR; /* Return the CRC polynomial register */
      0000F9 AE 52 05         [ 2]  302 	ldw	x, #0x5205
      0000FC F6               [ 1]  303 	ld	a, (x)
      0000FD 81               [ 4]  304 	ret
                                    305 ;	src\stm8s_spi.c: 288: void SPI_BiDirectionalLineConfig(SPI_Direction_TypeDef SPI_Direction)
                                    306 ;	-----------------------------------------
                                    307 ;	 function SPI_BiDirectionalLineConfig
                                    308 ;	-----------------------------------------
      0000FE                        309 _SPI_BiDirectionalLineConfig:
                                    310 ;	src\stm8s_spi.c: 293: if (SPI_Direction != SPI_DIRECTION_RX)
      0000FE 0D 03            [ 1]  311 	tnz	(0x03, sp)
      000100 27 09            [ 1]  312 	jreq	00102$
                                    313 ;	src\stm8s_spi.c: 295: SPI->CR2 |= SPI_CR2_BDOE; /* Set the Tx only mode*/
      000102 AE 52 01         [ 2]  314 	ldw	x, #0x5201
      000105 F6               [ 1]  315 	ld	a, (x)
      000106 AA 40            [ 1]  316 	or	a, #0x40
      000108 F7               [ 1]  317 	ld	(x), a
      000109 20 07            [ 2]  318 	jra	00104$
      00010B                        319 00102$:
                                    320 ;	src\stm8s_spi.c: 299: SPI->CR2 &= (uint8_t)(~SPI_CR2_BDOE); /* Set the Rx only mode*/
      00010B AE 52 01         [ 2]  321 	ldw	x, #0x5201
      00010E F6               [ 1]  322 	ld	a, (x)
      00010F A4 BF            [ 1]  323 	and	a, #0xbf
      000111 F7               [ 1]  324 	ld	(x), a
      000112                        325 00104$:
      000112 81               [ 4]  326 	ret
                                    327 ;	src\stm8s_spi.c: 311: FlagStatus SPI_GetFlagStatus(SPI_Flag_TypeDef SPI_FLAG)
                                    328 ;	-----------------------------------------
                                    329 ;	 function SPI_GetFlagStatus
                                    330 ;	-----------------------------------------
      000113                        331 _SPI_GetFlagStatus:
                                    332 ;	src\stm8s_spi.c: 318: if ((SPI->SR & (uint8_t)SPI_FLAG) != (uint8_t)RESET)
      000113 AE 52 03         [ 2]  333 	ldw	x, #0x5203
      000116 F6               [ 1]  334 	ld	a, (x)
      000117 14 03            [ 1]  335 	and	a, (0x03, sp)
      000119 4D               [ 1]  336 	tnz	a
      00011A 27 04            [ 1]  337 	jreq	00102$
                                    338 ;	src\stm8s_spi.c: 320: status = SET; /* SPI_FLAG is set */
      00011C A6 01            [ 1]  339 	ld	a, #0x01
      00011E 20 01            [ 2]  340 	jra	00103$
      000120                        341 00102$:
                                    342 ;	src\stm8s_spi.c: 324: status = RESET; /* SPI_FLAG is reset*/
      000120 4F               [ 1]  343 	clr	a
      000121                        344 00103$:
                                    345 ;	src\stm8s_spi.c: 328: return status;
      000121 81               [ 4]  346 	ret
                                    347 ;	src\stm8s_spi.c: 346: void SPI_ClearFlag(SPI_Flag_TypeDef SPI_FLAG)
                                    348 ;	-----------------------------------------
                                    349 ;	 function SPI_ClearFlag
                                    350 ;	-----------------------------------------
      000122                        351 _SPI_ClearFlag:
                                    352 ;	src\stm8s_spi.c: 350: SPI->SR = (uint8_t)(~SPI_FLAG);
      000122 7B 03            [ 1]  353 	ld	a, (0x03, sp)
      000124 43               [ 1]  354 	cpl	a
      000125 AE 52 03         [ 2]  355 	ldw	x, #0x5203
      000128 F7               [ 1]  356 	ld	(x), a
      000129 81               [ 4]  357 	ret
                                    358 ;	src\stm8s_spi.c: 366: ITStatus SPI_GetITStatus(SPI_IT_TypeDef SPI_IT)
                                    359 ;	-----------------------------------------
                                    360 ;	 function SPI_GetITStatus
                                    361 ;	-----------------------------------------
      00012A                        362 _SPI_GetITStatus:
      00012A 52 03            [ 2]  363 	sub	sp, #3
                                    364 ;	src\stm8s_spi.c: 375: itpos = (uint8_t)((uint8_t)1 << ((uint8_t)SPI_IT & (uint8_t)0x0F));
      00012C 7B 06            [ 1]  365 	ld	a, (0x06, sp)
      00012E A4 0F            [ 1]  366 	and	a, #0x0f
      000130 95               [ 1]  367 	ld	xh, a
      000131 A6 01            [ 1]  368 	ld	a, #0x01
      000133 6B 03            [ 1]  369 	ld	(0x03, sp), a
      000135 9E               [ 1]  370 	ld	a, xh
      000136 4D               [ 1]  371 	tnz	a
      000137 27 05            [ 1]  372 	jreq	00116$
      000139                        373 00115$:
      000139 08 03            [ 1]  374 	sll	(0x03, sp)
      00013B 4A               [ 1]  375 	dec	a
      00013C 26 FB            [ 1]  376 	jrne	00115$
      00013E                        377 00116$:
                                    378 ;	src\stm8s_spi.c: 378: itmask1 = (uint8_t)((uint8_t)SPI_IT >> (uint8_t)4);
      00013E 7B 06            [ 1]  379 	ld	a, (0x06, sp)
      000140 4E               [ 1]  380 	swap	a
      000141 A4 0F            [ 1]  381 	and	a, #0x0f
      000143 95               [ 1]  382 	ld	xh, a
                                    383 ;	src\stm8s_spi.c: 380: itmask2 = (uint8_t)((uint8_t)1 << itmask1);
      000144 A6 01            [ 1]  384 	ld	a, #0x01
      000146 6B 02            [ 1]  385 	ld	(0x02, sp), a
      000148 9E               [ 1]  386 	ld	a, xh
      000149 4D               [ 1]  387 	tnz	a
      00014A 27 05            [ 1]  388 	jreq	00118$
      00014C                        389 00117$:
      00014C 08 02            [ 1]  390 	sll	(0x02, sp)
      00014E 4A               [ 1]  391 	dec	a
      00014F 26 FB            [ 1]  392 	jrne	00117$
      000151                        393 00118$:
                                    394 ;	src\stm8s_spi.c: 382: enablestatus = (uint8_t)((uint8_t)SPI->SR & itmask2);
      000151 AE 52 03         [ 2]  395 	ldw	x, #0x5203
      000154 F6               [ 1]  396 	ld	a, (x)
      000155 14 02            [ 1]  397 	and	a, (0x02, sp)
      000157 6B 01            [ 1]  398 	ld	(0x01, sp), a
                                    399 ;	src\stm8s_spi.c: 384: if (((SPI->ICR & itpos) != RESET) && enablestatus)
      000159 AE 52 02         [ 2]  400 	ldw	x, #0x5202
      00015C F6               [ 1]  401 	ld	a, (x)
      00015D 14 03            [ 1]  402 	and	a, (0x03, sp)
      00015F 4D               [ 1]  403 	tnz	a
      000160 27 08            [ 1]  404 	jreq	00102$
      000162 0D 01            [ 1]  405 	tnz	(0x01, sp)
      000164 27 04            [ 1]  406 	jreq	00102$
                                    407 ;	src\stm8s_spi.c: 387: pendingbitstatus = SET;
      000166 A6 01            [ 1]  408 	ld	a, #0x01
      000168 20 01            [ 2]  409 	jra	00103$
      00016A                        410 00102$:
                                    411 ;	src\stm8s_spi.c: 392: pendingbitstatus = RESET;
      00016A 4F               [ 1]  412 	clr	a
      00016B                        413 00103$:
                                    414 ;	src\stm8s_spi.c: 395: return  pendingbitstatus;
      00016B 5B 03            [ 2]  415 	addw	sp, #3
      00016D 81               [ 4]  416 	ret
                                    417 ;	src\stm8s_spi.c: 412: void SPI_ClearITPendingBit(SPI_IT_TypeDef SPI_IT)
                                    418 ;	-----------------------------------------
                                    419 ;	 function SPI_ClearITPendingBit
                                    420 ;	-----------------------------------------
      00016E                        421 _SPI_ClearITPendingBit:
                                    422 ;	src\stm8s_spi.c: 420: itpos = (uint8_t)((uint8_t)1 << (uint8_t)((uint8_t)(SPI_IT & (uint8_t)0xF0) >> 4));
      00016E 7B 03            [ 1]  423 	ld	a, (0x03, sp)
      000170 A4 F0            [ 1]  424 	and	a, #0xf0
      000172 4E               [ 1]  425 	swap	a
      000173 A4 0F            [ 1]  426 	and	a, #0x0f
      000175 02               [ 1]  427 	rlwa	x
      000176 A6 01            [ 1]  428 	ld	a, #0x01
      000178 01               [ 1]  429 	rrwa	x
      000179 4D               [ 1]  430 	tnz	a
      00017A 27 06            [ 1]  431 	jreq	00104$
      00017C                        432 00103$:
      00017C 02               [ 1]  433 	rlwa	x
      00017D 48               [ 1]  434 	sll	a
      00017E 01               [ 1]  435 	rrwa	x
      00017F 4A               [ 1]  436 	dec	a
      000180 26 FA            [ 1]  437 	jrne	00103$
      000182                        438 00104$:
                                    439 ;	src\stm8s_spi.c: 422: SPI->SR = (uint8_t)(~itpos);
      000182 9E               [ 1]  440 	ld	a, xh
      000183 43               [ 1]  441 	cpl	a
      000184 AE 52 03         [ 2]  442 	ldw	x, #0x5203
      000187 F7               [ 1]  443 	ld	(x), a
      000188 81               [ 4]  444 	ret
                                    445 	.area CODE
                                    446 	.area INITIALIZER
                                    447 	.area CABS (ABS)
