                                      1 ;--------------------------------------------------------
                                      2 ; File Created by SDCC : free open source ANSI-C Compiler
                                      3 ; Version 3.4.0 #8981 (Apr  5 2014) (MINGW32)
                                      4 ; This file was generated Thu Apr 09 12:28:40 2015
                                      5 ;--------------------------------------------------------
                                      6 	.module stm8s_gpio
                                      7 	.optsdcc -mstm8
                                      8 	
                                      9 ;--------------------------------------------------------
                                     10 ; Public variables in this module
                                     11 ;--------------------------------------------------------
                                     12 	.globl _GPIO_DeInit
                                     13 	.globl _GPIO_Init
                                     14 	.globl _GPIO_Write
                                     15 	.globl _GPIO_WriteHigh
                                     16 	.globl _GPIO_WriteLow
                                     17 	.globl _GPIO_WriteReverse
                                     18 	.globl _GPIO_ReadOutputData
                                     19 	.globl _GPIO_ReadInputData
                                     20 	.globl _GPIO_ReadInputPin
                                     21 	.globl _GPIO_ExternalPullUpConfig
                                     22 ;--------------------------------------------------------
                                     23 ; ram data
                                     24 ;--------------------------------------------------------
                                     25 	.area DATA
                                     26 ;--------------------------------------------------------
                                     27 ; ram data
                                     28 ;--------------------------------------------------------
                                     29 	.area INITIALIZED
                                     30 ;--------------------------------------------------------
                                     31 ; absolute external ram data
                                     32 ;--------------------------------------------------------
                                     33 	.area DABS (ABS)
                                     34 ;--------------------------------------------------------
                                     35 ; global & static initialisations
                                     36 ;--------------------------------------------------------
                                     37 	.area HOME
                                     38 	.area GSINIT
                                     39 	.area GSFINAL
                                     40 	.area GSINIT
                                     41 ;--------------------------------------------------------
                                     42 ; Home
                                     43 ;--------------------------------------------------------
                                     44 	.area HOME
                                     45 	.area HOME
                                     46 ;--------------------------------------------------------
                                     47 ; code
                                     48 ;--------------------------------------------------------
                                     49 	.area CODE
                                     50 ;	src\stm8s_gpio.c: 53: void GPIO_DeInit(GPIO_TypeDef* GPIOx)
                                     51 ;	-----------------------------------------
                                     52 ;	 function GPIO_DeInit
                                     53 ;	-----------------------------------------
      000000                         54 _GPIO_DeInit:
                                     55 ;	src\stm8s_gpio.c: 55: GPIOx->ODR = GPIO_ODR_RESET_VALUE; /* Reset Output Data Register */
      000000 16 03            [ 2]   56 	ldw	y, (0x03, sp)
      000002 90 7F            [ 1]   57 	clr	(y)
                                     58 ;	src\stm8s_gpio.c: 56: GPIOx->DDR = GPIO_DDR_RESET_VALUE; /* Reset Data Direction Register */
      000004 93               [ 1]   59 	ldw	x, y
      000005 5C               [ 2]   60 	incw	x
      000006 5C               [ 2]   61 	incw	x
      000007 7F               [ 1]   62 	clr	(x)
                                     63 ;	src\stm8s_gpio.c: 57: GPIOx->CR1 = GPIO_CR1_RESET_VALUE; /* Reset Control Register 1 */
      000008 93               [ 1]   64 	ldw	x, y
      000009 1C 00 03         [ 2]   65 	addw	x, #0x0003
      00000C 7F               [ 1]   66 	clr	(x)
                                     67 ;	src\stm8s_gpio.c: 58: GPIOx->CR2 = GPIO_CR2_RESET_VALUE; /* Reset Control Register 2 */
      00000D 93               [ 1]   68 	ldw	x, y
      00000E 1C 00 04         [ 2]   69 	addw	x, #0x0004
      000011 7F               [ 1]   70 	clr	(x)
                           000012    71 	C$stm8s_gpio.c$59$1$12 ==.
                           000012    72 	XG$GPIO_DeInit$0$0 ==.
      000012 81               [ 4]   73 	ret
                                     74 ;	src\stm8s_gpio.c: 71: void GPIO_Init(GPIO_TypeDef* GPIOx, GPIO_Pin_TypeDef GPIO_Pin, GPIO_Mode_TypeDef GPIO_Mode)
                                     75 ;	-----------------------------------------
                                     76 ;	 function GPIO_Init
                                     77 ;	-----------------------------------------
      000013                         78 _GPIO_Init:
      000013 52 07            [ 2]   79 	sub	sp, #7
                                     80 ;	src\stm8s_gpio.c: 81: GPIOx->CR2 &= (uint8_t)(~(GPIO_Pin));
      000015 16 0A            [ 2]   81 	ldw	y, (0x0a, sp)
      000017 17 06            [ 2]   82 	ldw	(0x06, sp), y
      000019 1E 06            [ 2]   83 	ldw	x, (0x06, sp)
      00001B 1C 00 04         [ 2]   84 	addw	x, #0x0004
      00001E 1F 04            [ 2]   85 	ldw	(0x04, sp), x
      000020 1E 04            [ 2]   86 	ldw	x, (0x04, sp)
      000022 F6               [ 1]   87 	ld	a, (x)
      000023 95               [ 1]   88 	ld	xh, a
      000024 7B 0C            [ 1]   89 	ld	a, (0x0c, sp)
      000026 43               [ 1]   90 	cpl	a
      000027 6B 03            [ 1]   91 	ld	(0x03, sp), a
      000029 9E               [ 1]   92 	ld	a, xh
      00002A 14 03            [ 1]   93 	and	a, (0x03, sp)
      00002C 1E 04            [ 2]   94 	ldw	x, (0x04, sp)
      00002E F7               [ 1]   95 	ld	(x), a
                                     96 ;	src\stm8s_gpio.c: 98: GPIOx->DDR |= (uint8_t)GPIO_Pin;
      00002F 1E 06            [ 2]   97 	ldw	x, (0x06, sp)
      000031 5C               [ 2]   98 	incw	x
      000032 5C               [ 2]   99 	incw	x
      000033 1F 01            [ 2]  100 	ldw	(0x01, sp), x
                                    101 ;	src\stm8s_gpio.c: 87: if ((((uint8_t)(GPIO_Mode)) & (uint8_t)0x80) != (uint8_t)0x00) /* Output mode */
      000035 7B 0D            [ 1]  102 	ld	a, (0x0d, sp)
      000037 48               [ 1]  103 	sll	a
      000038 24 21            [ 1]  104 	jrnc	00105$
                                    105 ;	src\stm8s_gpio.c: 91: GPIOx->ODR |= (uint8_t)GPIO_Pin;
      00003A 1E 06            [ 2]  106 	ldw	x, (0x06, sp)
      00003C F6               [ 1]  107 	ld	a, (x)
                                    108 ;	src\stm8s_gpio.c: 89: if ((((uint8_t)(GPIO_Mode)) & (uint8_t)0x10) != (uint8_t)0x00) /* High level */
      00003D 88               [ 1]  109 	push	a
      00003E 7B 0E            [ 1]  110 	ld	a, (0x0e, sp)
      000040 A5 10            [ 1]  111 	bcp	a, #0x10
      000042 84               [ 1]  112 	pop	a
      000043 27 07            [ 1]  113 	jreq	00102$
                                    114 ;	src\stm8s_gpio.c: 91: GPIOx->ODR |= (uint8_t)GPIO_Pin;
      000045 1A 0C            [ 1]  115 	or	a, (0x0c, sp)
      000047 1E 06            [ 2]  116 	ldw	x, (0x06, sp)
      000049 F7               [ 1]  117 	ld	(x), a
      00004A 20 05            [ 2]  118 	jra	00103$
      00004C                        119 00102$:
                                    120 ;	src\stm8s_gpio.c: 95: GPIOx->ODR &= (uint8_t)(~(GPIO_Pin));
      00004C 14 03            [ 1]  121 	and	a, (0x03, sp)
      00004E 1E 06            [ 2]  122 	ldw	x, (0x06, sp)
      000050 F7               [ 1]  123 	ld	(x), a
      000051                        124 00103$:
                                    125 ;	src\stm8s_gpio.c: 98: GPIOx->DDR |= (uint8_t)GPIO_Pin;
      000051 1E 01            [ 2]  126 	ldw	x, (0x01, sp)
      000053 F6               [ 1]  127 	ld	a, (x)
      000054 1A 0C            [ 1]  128 	or	a, (0x0c, sp)
      000056 1E 01            [ 2]  129 	ldw	x, (0x01, sp)
      000058 F7               [ 1]  130 	ld	(x), a
      000059 20 08            [ 2]  131 	jra	00106$
      00005B                        132 00105$:
                                    133 ;	src\stm8s_gpio.c: 103: GPIOx->DDR &= (uint8_t)(~(GPIO_Pin));
      00005B 1E 01            [ 2]  134 	ldw	x, (0x01, sp)
      00005D F6               [ 1]  135 	ld	a, (x)
      00005E 14 03            [ 1]  136 	and	a, (0x03, sp)
      000060 1E 01            [ 2]  137 	ldw	x, (0x01, sp)
      000062 F7               [ 1]  138 	ld	(x), a
      000063                        139 00106$:
                                    140 ;	src\stm8s_gpio.c: 112: GPIOx->CR1 |= (uint8_t)GPIO_Pin;
      000063 1E 06            [ 2]  141 	ldw	x, (0x06, sp)
      000065 1C 00 03         [ 2]  142 	addw	x, #0x0003
                                    143 ;	src\stm8s_gpio.c: 110: if ((((uint8_t)(GPIO_Mode)) & (uint8_t)0x40) != (uint8_t)0x00) /* Pull-Up or Push-Pull */
      000068 7B 0D            [ 1]  144 	ld	a, (0x0d, sp)
      00006A A5 40            [ 1]  145 	bcp	a, #0x40
      00006C 27 06            [ 1]  146 	jreq	00108$
                                    147 ;	src\stm8s_gpio.c: 112: GPIOx->CR1 |= (uint8_t)GPIO_Pin;
      00006E F6               [ 1]  148 	ld	a, (x)
      00006F 1A 0C            [ 1]  149 	or	a, (0x0c, sp)
      000071 F7               [ 1]  150 	ld	(x), a
      000072 20 04            [ 2]  151 	jra	00109$
      000074                        152 00108$:
                                    153 ;	src\stm8s_gpio.c: 116: GPIOx->CR1 &= (uint8_t)(~(GPIO_Pin));
      000074 F6               [ 1]  154 	ld	a, (x)
      000075 14 03            [ 1]  155 	and	a, (0x03, sp)
      000077 F7               [ 1]  156 	ld	(x), a
      000078                        157 00109$:
                                    158 ;	src\stm8s_gpio.c: 123: if ((((uint8_t)(GPIO_Mode)) & (uint8_t)0x20) != (uint8_t)0x00) /* Interrupt or Slow slope */
      000078 7B 0D            [ 1]  159 	ld	a, (0x0d, sp)
      00007A A5 20            [ 1]  160 	bcp	a, #0x20
      00007C 27 0A            [ 1]  161 	jreq	00111$
                                    162 ;	src\stm8s_gpio.c: 125: GPIOx->CR2 |= (uint8_t)GPIO_Pin;
      00007E 1E 04            [ 2]  163 	ldw	x, (0x04, sp)
      000080 F6               [ 1]  164 	ld	a, (x)
      000081 1A 0C            [ 1]  165 	or	a, (0x0c, sp)
      000083 1E 04            [ 2]  166 	ldw	x, (0x04, sp)
      000085 F7               [ 1]  167 	ld	(x), a
      000086 20 08            [ 2]  168 	jra	00113$
      000088                        169 00111$:
                                    170 ;	src\stm8s_gpio.c: 129: GPIOx->CR2 &= (uint8_t)(~(GPIO_Pin));
      000088 1E 04            [ 2]  171 	ldw	x, (0x04, sp)
      00008A F6               [ 1]  172 	ld	a, (x)
      00008B 14 03            [ 1]  173 	and	a, (0x03, sp)
      00008D 1E 04            [ 2]  174 	ldw	x, (0x04, sp)
      00008F F7               [ 1]  175 	ld	(x), a
      000090                        176 00113$:
      000090 5B 07            [ 2]  177 	addw	sp, #7
                           000092   178 	C$stm8s_gpio.c$131$1$14 ==.
                           000092   179 	XG$GPIO_Init$0$0 ==.
      000092 81               [ 4]  180 	ret
                                    181 ;	src\stm8s_gpio.c: 141: void GPIO_Write(GPIO_TypeDef* GPIOx, uint8_t PortVal)
                                    182 ;	-----------------------------------------
                                    183 ;	 function GPIO_Write
                                    184 ;	-----------------------------------------
      000093                        185 _GPIO_Write:
                                    186 ;	src\stm8s_gpio.c: 143: GPIOx->ODR = PortVal;
      000093 1E 03            [ 2]  187 	ldw	x, (0x03, sp)
      000095 7B 05            [ 1]  188 	ld	a, (0x05, sp)
      000097 F7               [ 1]  189 	ld	(x), a
                           000098   190 	C$stm8s_gpio.c$144$1$24 ==.
                           000098   191 	XG$GPIO_Write$0$0 ==.
      000098 81               [ 4]  192 	ret
                                    193 ;	src\stm8s_gpio.c: 154: void GPIO_WriteHigh(GPIO_TypeDef* GPIOx, GPIO_Pin_TypeDef PortPins)
                                    194 ;	-----------------------------------------
                                    195 ;	 function GPIO_WriteHigh
                                    196 ;	-----------------------------------------
      000099                        197 _GPIO_WriteHigh:
                                    198 ;	src\stm8s_gpio.c: 156: GPIOx->ODR |= (uint8_t)PortPins;
      000099 1E 03            [ 2]  199 	ldw	x, (0x03, sp)
      00009B F6               [ 1]  200 	ld	a, (x)
      00009C 1A 05            [ 1]  201 	or	a, (0x05, sp)
      00009E F7               [ 1]  202 	ld	(x), a
                           00009F   203 	C$stm8s_gpio.c$157$1$26 ==.
                           00009F   204 	XG$GPIO_WriteHigh$0$0 ==.
      00009F 81               [ 4]  205 	ret
                                    206 ;	src\stm8s_gpio.c: 167: void GPIO_WriteLow(GPIO_TypeDef* GPIOx, GPIO_Pin_TypeDef PortPins)
                                    207 ;	-----------------------------------------
                                    208 ;	 function GPIO_WriteLow
                                    209 ;	-----------------------------------------
      0000A0                        210 _GPIO_WriteLow:
      0000A0 88               [ 1]  211 	push	a
                                    212 ;	src\stm8s_gpio.c: 169: GPIOx->ODR &= (uint8_t)(~PortPins);
      0000A1 1E 04            [ 2]  213 	ldw	x, (0x04, sp)
      0000A3 F6               [ 1]  214 	ld	a, (x)
      0000A4 6B 01            [ 1]  215 	ld	(0x01, sp), a
      0000A6 7B 06            [ 1]  216 	ld	a, (0x06, sp)
      0000A8 43               [ 1]  217 	cpl	a
      0000A9 14 01            [ 1]  218 	and	a, (0x01, sp)
      0000AB F7               [ 1]  219 	ld	(x), a
      0000AC 84               [ 1]  220 	pop	a
                           0000AD   221 	C$stm8s_gpio.c$170$1$28 ==.
                           0000AD   222 	XG$GPIO_WriteLow$0$0 ==.
      0000AD 81               [ 4]  223 	ret
                                    224 ;	src\stm8s_gpio.c: 180: void GPIO_WriteReverse(GPIO_TypeDef* GPIOx, GPIO_Pin_TypeDef PortPins)
                                    225 ;	-----------------------------------------
                                    226 ;	 function GPIO_WriteReverse
                                    227 ;	-----------------------------------------
      0000AE                        228 _GPIO_WriteReverse:
                                    229 ;	src\stm8s_gpio.c: 182: GPIOx->ODR ^= (uint8_t)PortPins;
      0000AE 1E 03            [ 2]  230 	ldw	x, (0x03, sp)
      0000B0 F6               [ 1]  231 	ld	a, (x)
      0000B1 18 05            [ 1]  232 	xor	a, (0x05, sp)
      0000B3 F7               [ 1]  233 	ld	(x), a
                           0000B4   234 	C$stm8s_gpio.c$183$1$30 ==.
                           0000B4   235 	XG$GPIO_WriteReverse$0$0 ==.
      0000B4 81               [ 4]  236 	ret
                                    237 ;	src\stm8s_gpio.c: 191: uint8_t GPIO_ReadOutputData(GPIO_TypeDef* GPIOx)
                                    238 ;	-----------------------------------------
                                    239 ;	 function GPIO_ReadOutputData
                                    240 ;	-----------------------------------------
      0000B5                        241 _GPIO_ReadOutputData:
                                    242 ;	src\stm8s_gpio.c: 193: return ((uint8_t)GPIOx->ODR);
      0000B5 1E 03            [ 2]  243 	ldw	x, (0x03, sp)
      0000B7 F6               [ 1]  244 	ld	a, (x)
                           0000B8   245 	C$stm8s_gpio.c$194$1$32 ==.
                           0000B8   246 	XG$GPIO_ReadOutputData$0$0 ==.
      0000B8 81               [ 4]  247 	ret
                                    248 ;	src\stm8s_gpio.c: 202: uint8_t GPIO_ReadInputData(GPIO_TypeDef* GPIOx)
                                    249 ;	-----------------------------------------
                                    250 ;	 function GPIO_ReadInputData
                                    251 ;	-----------------------------------------
      0000B9                        252 _GPIO_ReadInputData:
                                    253 ;	src\stm8s_gpio.c: 204: return ((uint8_t)GPIOx->IDR);
      0000B9 1E 03            [ 2]  254 	ldw	x, (0x03, sp)
      0000BB E6 01            [ 1]  255 	ld	a, (0x1, x)
                           0000BD   256 	C$stm8s_gpio.c$205$1$34 ==.
                           0000BD   257 	XG$GPIO_ReadInputData$0$0 ==.
      0000BD 81               [ 4]  258 	ret
                                    259 ;	src\stm8s_gpio.c: 213: BitStatus GPIO_ReadInputPin(GPIO_TypeDef* GPIOx, GPIO_Pin_TypeDef GPIO_Pin)
                                    260 ;	-----------------------------------------
                                    261 ;	 function GPIO_ReadInputPin
                                    262 ;	-----------------------------------------
      0000BE                        263 _GPIO_ReadInputPin:
                                    264 ;	src\stm8s_gpio.c: 215: return ((BitStatus)(GPIOx->IDR & (uint8_t)GPIO_Pin));
      0000BE 1E 03            [ 2]  265 	ldw	x, (0x03, sp)
      0000C0 E6 01            [ 1]  266 	ld	a, (0x1, x)
      0000C2 14 05            [ 1]  267 	and	a, (0x05, sp)
                           0000C4   268 	C$stm8s_gpio.c$216$1$36 ==.
                           0000C4   269 	XG$GPIO_ReadInputPin$0$0 ==.
      0000C4 81               [ 4]  270 	ret
                                    271 ;	src\stm8s_gpio.c: 225: void GPIO_ExternalPullUpConfig(GPIO_TypeDef* GPIOx, GPIO_Pin_TypeDef GPIO_Pin, FunctionalState NewState)
                                    272 ;	-----------------------------------------
                                    273 ;	 function GPIO_ExternalPullUpConfig
                                    274 ;	-----------------------------------------
      0000C5                        275 _GPIO_ExternalPullUpConfig:
      0000C5 88               [ 1]  276 	push	a
                                    277 ;	src\stm8s_gpio.c: 233: GPIOx->CR1 |= (uint8_t)GPIO_Pin;
      0000C6 1E 04            [ 2]  278 	ldw	x, (0x04, sp)
      0000C8 1C 00 03         [ 2]  279 	addw	x, #0x0003
                                    280 ;	src\stm8s_gpio.c: 231: if (NewState != DISABLE) /* External Pull-Up Set*/
      0000CB 0D 07            [ 1]  281 	tnz	(0x07, sp)
      0000CD 27 06            [ 1]  282 	jreq	00102$
                                    283 ;	src\stm8s_gpio.c: 233: GPIOx->CR1 |= (uint8_t)GPIO_Pin;
      0000CF F6               [ 1]  284 	ld	a, (x)
      0000D0 1A 06            [ 1]  285 	or	a, (0x06, sp)
      0000D2 F7               [ 1]  286 	ld	(x), a
      0000D3 20 09            [ 2]  287 	jra	00104$
      0000D5                        288 00102$:
                                    289 ;	src\stm8s_gpio.c: 236: GPIOx->CR1 &= (uint8_t)(~(GPIO_Pin));
      0000D5 F6               [ 1]  290 	ld	a, (x)
      0000D6 6B 01            [ 1]  291 	ld	(0x01, sp), a
      0000D8 7B 06            [ 1]  292 	ld	a, (0x06, sp)
      0000DA 43               [ 1]  293 	cpl	a
      0000DB 14 01            [ 1]  294 	and	a, (0x01, sp)
      0000DD F7               [ 1]  295 	ld	(x), a
      0000DE                        296 00104$:
      0000DE 84               [ 1]  297 	pop	a
                           0000DF   298 	C$stm8s_gpio.c$238$1$38 ==.
                           0000DF   299 	XG$GPIO_ExternalPullUpConfig$0$0 ==.
      0000DF 81               [ 4]  300 	ret
                                    301 	.area CODE
                                    302 	.area INITIALIZER
                                    303 	.area CABS (ABS)
